Terragrunt panic report
======================

Timestamp: 2026-05-15T22:17:09.704695392Z
Terragrunt version: 1.0.4-78-g61727861eb37
Build commit: 61727861eb37b2bbd0636ba065a4bec98a3b9f0a
Build modified: true
Go runtime: go1.26.0
GOOS/GOARCH: linux/amd64
NumCPU: 8
GOMAXPROCS: 8
NumGoroutine: 3
PID: 2634741
Working directory: /projects/gruntwork/terragrunt-tests/panic-error
Command line: /projects/gruntwork/terragrunt-3/terragrunt apply

Panic: error occurred:

* /projects/gruntwork/terragrunt-tests/panic-error/terragrunt.hcl:3,22-30: Error in function call; Call to function "run_cmd" failed: panic in function implementation: runtime error: slice bounds out of range [1:0]
  goroutine 26 [running]:
  runtime/debug.Stack()
  	/home/denis256/.local/share/mise/installs/go/1.26.0/src/runtime/debug/stack.go:26 +0x5e
  github.com/zclconf/go-cty/cty/function.errorForPanic(...)
  	/home/denis256/go/pkg/mod/github.com/zclconf/go-cty@v1.18.1/cty/function/error.go:44
  github.com/zclconf/go-cty/cty/function.Function.Call.func2()
  	/home/denis256/go/pkg/mod/github.com/zclconf/go-cty@v1.18.1/cty/function/function.go:349 +0x96
  panic({0x2e9d3e0?, 0x16a75a62b980?})
  	/home/denis256/.local/share/mise/installs/go/1.26.0/src/runtime/panic.go:860 +0x13a
  github.com/gruntwork-io/terragrunt/pkg/config.runCommandImpl({0x346bf88, 0x16a75a628900}, 0x16a759bac608, {0x34a7470, 0x16a75a4209c0}, {0x16a75a3bdcc0, 0x1, 0x1})
  	/projects/gruntwork/terragrunt-3/pkg/config/config_helpers.go:455 +0xe8f
  github.com/gruntwork-io/terragrunt/pkg/config.RunCommand({0x346bf88?, 0x16a75a628900?}, 0x3405830?, {0x34a7470?, 0x16a75a4209c0?}, {0x16a75a3bdcc0?, 0x1?, 0x1?})
  	/projects/gruntwork/terragrunt-3/pkg/config/config_helpers.go:364 +0x2c
  github.com/gruntwork-io/terragrunt/pkg/config.createTerragruntEvalContext.wrapStringSliceToStringAsFuncImpl.func5({0x16a7598fd7e0?, 0x3405830?, 0x29c4b80?}, {{0x16a75a3bdcb0?, 0x9e96b1ba76b9cabc?}})
  	/projects/gruntwork/terragrunt-3/pkg/config/cty_helpers.go:39 +0x8c
  github.com/zclconf/go-cty/cty/function.Function.Call({0x346c8b8?}, {0x16a7598fd7e0, 0x1, 0x1})
  	/home/denis256/go/pkg/mod/github.com/zclconf/go-cty@v1.18.1/cty/function/function.go:353 +0x6da
  github.com/hashicorp/hcl/v2/hclsyntax.(*FunctionCallExpr).Value(0x16a75a2fa1e0, 0x16a7598330f8)
  	/home/denis256/go/pkg/mod/github.com/hashicorp/hcl/v2@v2.24.0/hclsyntax/expression.go:528 +0x1a3f
  github.com/gruntwork-io/terragrunt/pkg/config/hclparse.(*Attribute).Value(0x16a75a3bdb90, 0x16a75a2fa1e0?)
  	/projects/gruntwork/terragrunt-3/pkg/config/hclparse/attributes.go:77 +0x29
  github.com/gruntwork-io/terragrunt/pkg/config.attemptEvaluateLocals({0x346bf88, 0x16a75a628900}, 0x16a759bac608, {0x34a7470, 0x16a75a4209c0}, 0x16a7598fcd80, {0x16a7599041a8, 0x1, 0x425e85?}, 0x16a75a629cb0)
  	/projects/gruntwork/terragrunt-3/pkg/config/locals.go:140 +0x528
  github.com/gruntwork-io/terragrunt/pkg/config.EvaluateLocalsBlock({0x346bf88, 0x16a75a628900}, 0x16a759bac608, {0x34a7470, 0x16a75a4209c0}, 0x16a7598fcd80)
  	/projects/gruntwork/terragrunt-3/pkg/config/locals.go:64 +0x214
  github.com/gruntwork-io/terragrunt/pkg/config.DecodeBaseBlocks({0x346bf88, 0x16a75a628900}, 0x16a75a2c3808, {0x34a7470, 0x16a75a4209c0}, 0x16a7598fcd80, 0x0)
  	/projects/gruntwork/terragrunt-3/pkg/config/config_partial.go:173 +0x528
  github.com/gruntwork-io/terragrunt/pkg/config.PartialParseConfig({0x346bf88, 0x16a75a628900}, 0x16a75a2c3208, {0x34a7470, 0x16a75a4209c0}, 0x16a7598fcd80, 0x0)
  	/projects/gruntwork/terragrunt-3/pkg/config/config_partial.go:408 +0x290
  github.com/gruntwork-io/terragrunt/pkg/config.TerragruntConfigFromPartialConfig({0x346bf88, 0x16a75a628900}, 0x16a75a2c3208, {0x34a7470, 0x16a75a4209c0}, 0x16a7598fcd80, 0x0)
  	/projects/gruntwork/terragrunt-3/pkg/config/config_partial.go:340 +0x429
  github.com/gruntwork-io/terragrunt/pkg/config.PartialParseConfigFile.func1({0x346bf88, 0x16a75a628900})
  	/projects/gruntwork/terragrunt-3/pkg/config/config_partial.go:313 +0x145
  github.com/gruntwork-io/terragrunt/internal/telemetry.(*Meter).Time(0x21?, {0x346bf88?, 0x16a75a628900?}, {0x3090d87?, 0x30?}, 0x16a75979c540?, 0x16a75a55a660?)
  	/projects/gruntwork/terragrunt-3/internal/telemetry/meter.go:78 +0x23c
  github.com/gruntwork-io/terragrunt/internal/telemetry.(*Telemeter).Collect.func1({0x346bf88?, 0x16a75a628900?})
  	/projects/gruntwork/terragrunt-3/internal/telemetry/telemeter.go:81 +0x3e
  github.com/gruntwork-io/terragrunt/internal/telemetry.(*Tracer).Trace(0xb?, {0x346bf88?, 0x16a75a628900?}, {0x3090d87?, 0x73a8dd13c600?}, 0x10?, 0x16a759c00008?)
  	/projects/gruntwork/terragrunt-3/internal/telemetry/tracer.go:201 +0x2af
  github.com/gruntwork-io/terragrunt/internal/telemetry.(*Telemeter).Collect(0x346bf88?, {0x346bf88?, 0x16a75a628900?}, {0x3090d87?, 0x16a75a55a838?}, 0x46f1be?, 0x16a75a6288d0?)
  	/projects/gruntwork/terragrunt-3/internal/telemetry/telemeter.go:80 +0x1bd
  github.com/gruntwork-io/terragrunt/pkg/config.TraceParseConfigFile({0x346bf88, 0x16a75a628900}, {0x16a759f89900, 0x3f}, {0x16a75979a084, 0x30}, 0x1, {0x16a75a4431e0, 0x2, 0x2}, ...)
  	/projects/gruntwork/terragrunt-3/pkg/config/telemetry.go:58 +0x42d
  github.com/gruntwork-io/terragrunt/pkg/config.PartialParseConfigFile({0x346bf88, 0x16a75a628900}, 0x16a75a2c3208, {0x34a7470, 0x16a75a4209c0}, {0x16a759f89900, 0x3f}, 0x0)
  	/projects/gruntwork/terragrunt-3/pkg/config/config_partial.go:287 +0x373
  github.com/gruntwork-io/terragrunt/internal/cli/commands/run.getTerragruntConfig({0x346bf88?, 0x16a75a628900?}, {0x34a7470, 0x16a75a4209c0}, 0x16a75a362908)
  	/projects/gruntwork/terragrunt-3/internal/cli/commands/run/run.go:250 +0xf3
  github.com/gruntwork-io/terragrunt/internal/cli/commands/run.checkVersionConstraints({0x346bf88, 0x16a75a628900}, {0x34a7470, 0x16a75a4209c0}, 0x16a75a362908)
  	/projects/gruntwork/terragrunt-3/internal/cli/commands/run/run.go:191 +0x47
  github.com/gruntwork-io/terragrunt/internal/cli/commands/run.Run({0x346bf88, 0x16a75a628900}, {0x34a7470, 0x16a75a4209c0}, 0x16a75a362908)
  	/projects/gruntwork/terragrunt-3/internal/cli/commands/run/run.go:91 +0x545
  github.com/gruntwork-io/terragrunt/internal/cli/commands/run.NewSubcommands.func1.Action.1(...)
  	/projects/gruntwork/terragrunt-3/internal/cli/commands/run/cli.go:80
  github.com/gruntwork-io/terragrunt/internal/cli/commands/run.NewSubcommands.func1({0x346bf88?, 0x16a75a628900?}, 0x16a75988bf01?)
  	/projects/gruntwork/terragrunt-3/internal/cli/commands/run/cli.go:69 +0x29
  github.com/gruntwork-io/terragrunt/internal/cli/commands.RunAction.func2()
  	/projects/gruntwork/terragrunt-3/internal/cli/commands/commands.go:310 +0x4f
  golang.org/x/sync/errgroup.(*Group).Go.func1()
  	/home/denis256/go/pkg/mod/golang.org/x/sync@v0.20.0/errgroup/errgroup.go:93 +0x50
  created by golang.org/x/sync/errgroup.(*Group).Go in goroutine 1
  	/home/denis256/go/pkg/mod/golang.org/x/sync@v0.20.0/errgroup/errgroup.go:78 +0x95
  .


Stack trace:
(no stack trace was available)
