Terragrunt panic report
======================

Timestamp: 2026-05-15T18:35:25.472173796Z
Terragrunt version: 1.0.4-69-g8458f4b1c834
Go runtime: go1.26.0
GOOS/GOARCH: linux/amd64
PID: 443273
Working directory: /projects/gruntwork/terragrunt-tests/panic-error
Command line: /projects/gruntwork/terragrunt-3/terragrunt apply

Panic: error occurred:

* /projects/gruntwork/terragrunt-tests/panic-error/terragrunt.hcl:3,22-30: Error in function call; Call to function "run_cmd" failed: panic in function implementation: runtime error: slice bounds out of range [1:0].


Stack trace:
hcl.Diagnostics /projects/gruntwork/terragrunt-tests/panic-error/terragrunt.hcl:3,22-30: Error in function call; Call to function "run_cmd" failed: panic in function implementation: runtime error: slice bounds out of range [1:0].
/projects/gruntwork/terragrunt-3/pkg/config/hclparse/attributes.go:80 (0x1e1e5fc)
	(*Attribute).Value: return evaluatedVal, errors.New(err)
/projects/gruntwork/terragrunt-3/pkg/config/locals.go:140 (0x2202a68)
	attemptEvaluateLocals: evaluatedVal, err := attr.Value(evalCtx)
/projects/gruntwork/terragrunt-3/pkg/config/locals.go:64 (0x2202214)
	EvaluateLocalsBlock: attrs, evaluatedLocals, evaluated, err = attemptEvaluateLocals(
/projects/gruntwork/terragrunt-3/pkg/config/config_partial.go:173 (0x21e55c8)
	DecodeBaseBlocks: locals, err := EvaluateLocalsBlock(ctx, pctx.WithTrackInclude(trackInclude).WithFeatures(&flagsAsCtyVal), l, file)
/projects/gruntwork/terragrunt-3/pkg/config/config_partial.go:408 (0x21e6cf0)
	PartialParseConfig: baseBlocks, err := DecodeBaseBlocks(ctx, pctx, l, file, includeFromChild)
/projects/gruntwork/terragrunt-3/pkg/config/config_partial.go:340 (0x21e6949)
	TerragruntConfigFromPartialConfig: config, err := PartialParseConfig(ctx, pctx, l, file, includeFromChild)
/projects/gruntwork/terragrunt-3/pkg/config/config_partial.go:313 (0x21e64a5)
	PartialParseConfigFile.func1: config, parseErr = TerragruntConfigFromPartialConfig(ctx, pctx, l, file, include)
/projects/gruntwork/terragrunt-3/internal/telemetry/meter.go:78 (0xbced1c)
	(*Meter).Time: return fn(ctx)
/projects/gruntwork/terragrunt-3/internal/telemetry/telemeter.go:81 (0xbd04de)
	(*Telemeter).Collect.func1: return tlm.Time(ctx, name, attrs, fn)
/projects/gruntwork/terragrunt-3/internal/telemetry/tracer.go:201 (0xbd1bef)
	(*Tracer).Trace: return fn(ctx)
/projects/gruntwork/terragrunt-3/internal/telemetry/telemeter.go:80 (0xbd043d)
	(*Telemeter).Collect: return tlm.Trace(ctx, name, attrs, func(ctx context.Context) error {
/projects/gruntwork/terragrunt-3/pkg/config/telemetry.go:58 (0x220ceed)
	TraceParseConfigFile: return telemetry.TelemeterFromContext(ctx).Collect(ctx, TelemetryOpParseConfigFile, attrs, fn)
/projects/gruntwork/terragrunt-3/pkg/config/config_partial.go:287 (0x21e62d3)
	PartialParseConfigFile: err = TraceParseConfigFile(
/projects/gruntwork/terragrunt-3/internal/cli/commands/run/run.go:250 (0x237f053)
	getTerragruntConfig: return config.PartialParseConfigFile(
/projects/gruntwork/terragrunt-3/internal/cli/commands/run/run.go:191 (0x237eb67)
	checkVersionConstraints: partialTerragruntConfig, err := getTerragruntConfig(ctx, l, opts)
/projects/gruntwork/terragrunt-3/internal/cli/commands/run/run.go:91 (0x237daa5)
	Run: l, err := checkVersionConstraints(ctx, l, opts)
/projects/gruntwork/terragrunt-3/internal/cli/commands/run/cli.go:80 (0x2374789)
	NewSubcommands.func1: return Run(ctx, l, opts)
/projects/gruntwork/terragrunt-3/internal/cli/commands/run/cli.go:69 (0x237478a)
	NewSubcommands.func1: return Action(l, opts)(ctx, cliCtx)
/projects/gruntwork/terragrunt-3/internal/cli/commands/commands.go:310 (0x276942f)
	RunAction.func2: return action(actionCtx, cliCtx)
/home/denis256/go/pkg/mod/golang.org/x/sync@v0.20.0/errgroup/errgroup.go:93 (0xcebb90)
	(*Group).Go.func1: if err := f(); err != nil {
/home/denis256/.local/share/mise/installs/go/1.26.0/src/runtime/asm_amd64.s:1771 (0x490581)
	goexit: BYTE	$0x90	// NOP

hcl.Diagnostics /projects/gruntwork/terragrunt-tests/panic-error/terragrunt.hcl:3,22-30: Error in function call; Call to function "run_cmd" failed: panic in function implementation: runtime error: slice bounds out of range [1:0].
/projects/gruntwork/terragrunt-3/pkg/config/hclparse/attributes.go:80 (0x1e1e5fc)
	(*Attribute).Value: return evaluatedVal, errors.New(err)
/projects/gruntwork/terragrunt-3/pkg/config/locals.go:140 (0x2202a68)
	attemptEvaluateLocals: evaluatedVal, err := attr.Value(evalCtx)
/projects/gruntwork/terragrunt-3/pkg/config/locals.go:64 (0x2202214)
	EvaluateLocalsBlock: attrs, evaluatedLocals, evaluated, err = attemptEvaluateLocals(
/projects/gruntwork/terragrunt-3/pkg/config/config_partial.go:173 (0x21e55c8)
	DecodeBaseBlocks: locals, err := EvaluateLocalsBlock(ctx, pctx.WithTrackInclude(trackInclude).WithFeatures(&flagsAsCtyVal), l, file)
/projects/gruntwork/terragrunt-3/pkg/config/config_partial.go:408 (0x21e6cf0)
	PartialParseConfig: baseBlocks, err := DecodeBaseBlocks(ctx, pctx, l, file, includeFromChild)
/projects/gruntwork/terragrunt-3/pkg/config/config_partial.go:340 (0x21e6949)
	TerragruntConfigFromPartialConfig: config, err := PartialParseConfig(ctx, pctx, l, file, includeFromChild)
/projects/gruntwork/terragrunt-3/pkg/config/config_partial.go:313 (0x21e64a5)
	PartialParseConfigFile.func1: config, parseErr = TerragruntConfigFromPartialConfig(ctx, pctx, l, file, include)
/projects/gruntwork/terragrunt-3/internal/telemetry/meter.go:78 (0xbced1c)
	(*Meter).Time: return fn(ctx)
/projects/gruntwork/terragrunt-3/internal/telemetry/telemeter.go:81 (0xbd04de)
	(*Telemeter).Collect.func1: return tlm.Time(ctx, name, attrs, fn)
/projects/gruntwork/terragrunt-3/internal/telemetry/tracer.go:201 (0xbd1bef)
	(*Tracer).Trace: return fn(ctx)
/projects/gruntwork/terragrunt-3/internal/telemetry/telemeter.go:80 (0xbd043d)
	(*Telemeter).Collect: return tlm.Trace(ctx, name, attrs, func(ctx context.Context) error {
/projects/gruntwork/terragrunt-3/pkg/config/telemetry.go:58 (0x220ceed)
	TraceParseConfigFile: return telemetry.TelemeterFromContext(ctx).Collect(ctx, TelemetryOpParseConfigFile, attrs, fn)
/projects/gruntwork/terragrunt-3/pkg/config/config_partial.go:287 (0x21e62d3)
	PartialParseConfigFile: err = TraceParseConfigFile(
/projects/gruntwork/terragrunt-3/internal/cli/commands/run/run.go:250 (0x237f053)
	getTerragruntConfig: return config.PartialParseConfigFile(
/projects/gruntwork/terragrunt-3/internal/cli/commands/run/run.go:191 (0x237eb67)
	checkVersionConstraints: partialTerragruntConfig, err := getTerragruntConfig(ctx, l, opts)
/projects/gruntwork/terragrunt-3/internal/cli/commands/run/run.go:91 (0x237daa5)
	Run: l, err := checkVersionConstraints(ctx, l, opts)
/projects/gruntwork/terragrunt-3/internal/cli/commands/run/cli.go:80 (0x2374789)
	NewSubcommands.func1: return Run(ctx, l, opts)
/projects/gruntwork/terragrunt-3/internal/cli/commands/run/cli.go:69 (0x237478a)
	NewSubcommands.func1: return Action(l, opts)(ctx, cliCtx)
/projects/gruntwork/terragrunt-3/internal/cli/commands/commands.go:310 (0x276942f)
	RunAction.func2: return action(actionCtx, cliCtx)
/home/denis256/go/pkg/mod/golang.org/x/sync@v0.20.0/errgroup/errgroup.go:93 (0xcebb90)
	(*Group).Go.func1: if err := f(); err != nil {
/home/denis256/.local/share/mise/installs/go/1.26.0/src/runtime/asm_amd64.s:1771 (0x490581)
	goexit: BYTE	$0x90	// NOP
*errors.errorString panic in function implementation: runtime error: slice bounds out of range [1:0]
/projects/gruntwork/terragrunt-3/pkg/config/cty_helpers.go:55 (0x221276b)
	callWithPanicProtection[...].func1: err = errors.New(fmt.Sprintf("panic in function implementation: %v", recovered))
/home/denis256/.local/share/mise/installs/go/1.26.0/src/runtime/panic.go:860 (0x4885ba)
	gopanic: fn()
/home/denis256/.local/share/mise/installs/go/1.26.0/src/runtime/panic.go:236 (0x44e577)
	panicBounds64: panic(e)
/home/denis256/.local/share/mise/installs/go/1.26.0/src/runtime/asm_amd64.s:2129 (0x4909e8)
	panicBounds: CALL	runtime·panicBounds64<ABIInternal>(SB)
/home/denis256/.local/share/mise/installs/go/1.26.0/src/slices/slices.go:231 (0x21de38f)
	Delete[...]: clear(s[len(s):oldlen]) // zero/nil out the obsolete elements, for GC
/projects/gruntwork/terragrunt-3/pkg/config/config_helpers.go:364 (0x21dd48c)
	RunCommand: return runCommandImpl(ctx, pctx, l, args)
/projects/gruntwork/terragrunt-3/pkg/config/cty_helpers.go:41 (0x21dc278)
	createTerragruntEvalContext.wrapStringSliceToStringAsFuncImpl.func5.1: return toWrap(ctx, pctx, l, params)
/projects/gruntwork/terragrunt-3/pkg/config/cty_helpers.go:59 (0x22126bc)
	callWithPanicProtection[...]: return f()
/projects/gruntwork/terragrunt-3/pkg/config/cty_helpers.go:40 (0x21dc185)
	createTerragruntEvalContext.wrapStringSliceToStringAsFuncImpl.func5: out, err := callWithPanicProtection(func() (string, error) {
/home/denis256/go/pkg/mod/github.com/zclconf/go-cty@v1.18.1/cty/function/function.go:353 (0x8912ba)
	Function.Call: retVal, err = f.spec.Impl(args, expectedType)
/home/denis256/go/pkg/mod/github.com/hashicorp/hcl/v2@v2.24.0/hclsyntax/expression.go:528 (0x8f79ff)
	(*FunctionCallExpr).Value: resultVal, err := f.Call(argVals)
/projects/gruntwork/terragrunt-3/pkg/config/hclparse/attributes.go:77 (0x1e1e5c9)
	(*Attribute).Value: evaluatedVal, diags := attr.Expr.Value(evalCtx)
/projects/gruntwork/terragrunt-3/pkg/config/locals.go:140 (0x2202a68)
	attemptEvaluateLocals: evaluatedVal, err := attr.Value(evalCtx)
/projects/gruntwork/terragrunt-3/pkg/config/locals.go:64 (0x2202214)
	EvaluateLocalsBlock: attrs, evaluatedLocals, evaluated, err = attemptEvaluateLocals(
/projects/gruntwork/terragrunt-3/pkg/config/config_partial.go:173 (0x21e55c8)
	DecodeBaseBlocks: locals, err := EvaluateLocalsBlock(ctx, pctx.WithTrackInclude(trackInclude).WithFeatures(&flagsAsCtyVal), l, file)
/projects/gruntwork/terragrunt-3/pkg/config/config_partial.go:408 (0x21e6cf0)
	PartialParseConfig: baseBlocks, err := DecodeBaseBlocks(ctx, pctx, l, file, includeFromChild)
/projects/gruntwork/terragrunt-3/pkg/config/config_partial.go:340 (0x21e6949)
	TerragruntConfigFromPartialConfig: config, err := PartialParseConfig(ctx, pctx, l, file, includeFromChild)
/projects/gruntwork/terragrunt-3/pkg/config/config_partial.go:313 (0x21e64a5)
	PartialParseConfigFile.func1: config, parseErr = TerragruntConfigFromPartialConfig(ctx, pctx, l, file, include)
/projects/gruntwork/terragrunt-3/internal/telemetry/meter.go:78 (0xbced1c)
	(*Meter).Time: return fn(ctx)
/projects/gruntwork/terragrunt-3/internal/telemetry/telemeter.go:81 (0xbd04de)
	(*Telemeter).Collect.func1: return tlm.Time(ctx, name, attrs, fn)
/projects/gruntwork/terragrunt-3/internal/telemetry/tracer.go:201 (0xbd1bef)
	(*Tracer).Trace: return fn(ctx)
/projects/gruntwork/terragrunt-3/internal/telemetry/telemeter.go:80 (0xbd043d)
	(*Telemeter).Collect: return tlm.Trace(ctx, name, attrs, func(ctx context.Context) error {
/projects/gruntwork/terragrunt-3/pkg/config/telemetry.go:58 (0x220ceed)
	TraceParseConfigFile: return telemetry.TelemeterFromContext(ctx).Collect(ctx, TelemetryOpParseConfigFile, attrs, fn)
/projects/gruntwork/terragrunt-3/pkg/config/config_partial.go:287 (0x21e62d3)
	PartialParseConfigFile: err = TraceParseConfigFile(
/projects/gruntwork/terragrunt-3/internal/cli/commands/run/run.go:250 (0x237f053)
	getTerragruntConfig: return config.PartialParseConfigFile(
/projects/gruntwork/terragrunt-3/internal/cli/commands/run/run.go:191 (0x237eb67)
	checkVersionConstraints: partialTerragruntConfig, err := getTerragruntConfig(ctx, l, opts)
/projects/gruntwork/terragrunt-3/internal/cli/commands/run/run.go:91 (0x237daa5)
	Run: l, err := checkVersionConstraints(ctx, l, opts)
/projects/gruntwork/terragrunt-3/internal/cli/commands/run/cli.go:80 (0x2374789)
	NewSubcommands.func1: return Run(ctx, l, opts)
/projects/gruntwork/terragrunt-3/internal/cli/commands/run/cli.go:69 (0x237478a)
	NewSubcommands.func1: return Action(l, opts)(ctx, cliCtx)
/projects/gruntwork/terragrunt-3/internal/cli/commands/commands.go:310 (0x276942f)
	RunAction.func2: return action(actionCtx, cliCtx)
/home/denis256/go/pkg/mod/golang.org/x/sync@v0.20.0/errgroup/errgroup.go:93 (0xcebb90)
	(*Group).Go.func1: if err := f(); err != nil {
/home/denis256/.local/share/mise/installs/go/1.26.0/src/runtime/asm_amd64.s:1771 (0x490581)
	goexit: BYTE	$0x90	// NOP

*errors.errorString panic in function implementation: runtime error: slice bounds out of range [1:0]
/projects/gruntwork/terragrunt-3/pkg/config/cty_helpers.go:55 (0x221276b)
	callWithPanicProtection[...].func1: err = errors.New(fmt.Sprintf("panic in function implementation: %v", recovered))
/home/denis256/.local/share/mise/installs/go/1.26.0/src/runtime/panic.go:860 (0x4885ba)
	gopanic: fn()
/home/denis256/.local/share/mise/installs/go/1.26.0/src/runtime/panic.go:236 (0x44e577)
	panicBounds64: panic(e)
/home/denis256/.local/share/mise/installs/go/1.26.0/src/runtime/asm_amd64.s:2129 (0x4909e8)
	panicBounds: CALL	runtime·panicBounds64<ABIInternal>(SB)
/home/denis256/.local/share/mise/installs/go/1.26.0/src/slices/slices.go:231 (0x21de38f)
	Delete[...]: clear(s[len(s):oldlen]) // zero/nil out the obsolete elements, for GC
/projects/gruntwork/terragrunt-3/pkg/config/config_helpers.go:364 (0x21dd48c)
	RunCommand: return runCommandImpl(ctx, pctx, l, args)
/projects/gruntwork/terragrunt-3/pkg/config/cty_helpers.go:41 (0x21dc278)
	createTerragruntEvalContext.wrapStringSliceToStringAsFuncImpl.func5.1: return toWrap(ctx, pctx, l, params)
/projects/gruntwork/terragrunt-3/pkg/config/cty_helpers.go:59 (0x22126bc)
	callWithPanicProtection[...]: return f()
/projects/gruntwork/terragrunt-3/pkg/config/cty_helpers.go:40 (0x21dc185)
	createTerragruntEvalContext.wrapStringSliceToStringAsFuncImpl.func5: out, err := callWithPanicProtection(func() (string, error) {
/home/denis256/go/pkg/mod/github.com/zclconf/go-cty@v1.18.1/cty/function/function.go:353 (0x8912ba)
	Function.Call: retVal, err = f.spec.Impl(args, expectedType)
/home/denis256/go/pkg/mod/github.com/hashicorp/hcl/v2@v2.24.0/hclsyntax/expression.go:528 (0x8f79ff)
	(*FunctionCallExpr).Value: resultVal, err := f.Call(argVals)
/projects/gruntwork/terragrunt-3/pkg/config/hclparse/attributes.go:77 (0x1e1e5c9)
	(*Attribute).Value: evaluatedVal, diags := attr.Expr.Value(evalCtx)
/projects/gruntwork/terragrunt-3/pkg/config/locals.go:140 (0x2202a68)
	attemptEvaluateLocals: evaluatedVal, err := attr.Value(evalCtx)
/projects/gruntwork/terragrunt-3/pkg/config/locals.go:64 (0x2202214)
	EvaluateLocalsBlock: attrs, evaluatedLocals, evaluated, err = attemptEvaluateLocals(
/projects/gruntwork/terragrunt-3/pkg/config/config_partial.go:173 (0x21e55c8)
	DecodeBaseBlocks: locals, err := EvaluateLocalsBlock(ctx, pctx.WithTrackInclude(trackInclude).WithFeatures(&flagsAsCtyVal), l, file)
/projects/gruntwork/terragrunt-3/pkg/config/config_partial.go:408 (0x21e6cf0)
	PartialParseConfig: baseBlocks, err := DecodeBaseBlocks(ctx, pctx, l, file, includeFromChild)
/projects/gruntwork/terragrunt-3/pkg/config/config_partial.go:340 (0x21e6949)
	TerragruntConfigFromPartialConfig: config, err := PartialParseConfig(ctx, pctx, l, file, includeFromChild)
/projects/gruntwork/terragrunt-3/pkg/config/config_partial.go:313 (0x21e64a5)
	PartialParseConfigFile.func1: config, parseErr = TerragruntConfigFromPartialConfig(ctx, pctx, l, file, include)
/projects/gruntwork/terragrunt-3/internal/telemetry/meter.go:78 (0xbced1c)
	(*Meter).Time: return fn(ctx)
/projects/gruntwork/terragrunt-3/internal/telemetry/telemeter.go:81 (0xbd04de)
	(*Telemeter).Collect.func1: return tlm.Time(ctx, name, attrs, fn)
/projects/gruntwork/terragrunt-3/internal/telemetry/tracer.go:201 (0xbd1bef)
	(*Tracer).Trace: return fn(ctx)
/projects/gruntwork/terragrunt-3/internal/telemetry/telemeter.go:80 (0xbd043d)
	(*Telemeter).Collect: return tlm.Trace(ctx, name, attrs, func(ctx context.Context) error {
/projects/gruntwork/terragrunt-3/pkg/config/telemetry.go:58 (0x220ceed)
	TraceParseConfigFile: return telemetry.TelemeterFromContext(ctx).Collect(ctx, TelemetryOpParseConfigFile, attrs, fn)
/projects/gruntwork/terragrunt-3/pkg/config/config_partial.go:287 (0x21e62d3)
	PartialParseConfigFile: err = TraceParseConfigFile(
/projects/gruntwork/terragrunt-3/internal/cli/commands/run/run.go:250 (0x237f053)
	getTerragruntConfig: return config.PartialParseConfigFile(
/projects/gruntwork/terragrunt-3/internal/cli/commands/run/run.go:191 (0x237eb67)
	checkVersionConstraints: partialTerragruntConfig, err := getTerragruntConfig(ctx, l, opts)
/projects/gruntwork/terragrunt-3/internal/cli/commands/run/run.go:91 (0x237daa5)
	Run: l, err := checkVersionConstraints(ctx, l, opts)
/projects/gruntwork/terragrunt-3/internal/cli/commands/run/cli.go:80 (0x2374789)
	NewSubcommands.func1: return Run(ctx, l, opts)
/projects/gruntwork/terragrunt-3/internal/cli/commands/run/cli.go:69 (0x237478a)
	NewSubcommands.func1: return Action(l, opts)(ctx, cliCtx)
/projects/gruntwork/terragrunt-3/internal/cli/commands/commands.go:310 (0x276942f)
	RunAction.func2: return action(actionCtx, cliCtx)
/home/denis256/go/pkg/mod/golang.org/x/sync@v0.20.0/errgroup/errgroup.go:93 (0xcebb90)
	(*Group).Go.func1: if err := f(); err != nil {
/home/denis256/.local/share/mise/installs/go/1.26.0/src/runtime/asm_amd64.s:1771 (0x490581)
	goexit: BYTE	$0x90	// NOP

*errors.errorString panic in function implementation: runtime error: slice bounds out of range [1:0]
/projects/gruntwork/terragrunt-3/pkg/config/cty_helpers.go:55 (0x221276b)
	callWithPanicProtection[...].func1: err = errors.New(fmt.Sprintf("panic in function implementation: %v", recovered))
/home/denis256/.local/share/mise/installs/go/1.26.0/src/runtime/panic.go:860 (0x4885ba)
	gopanic: fn()
/home/denis256/.local/share/mise/installs/go/1.26.0/src/runtime/panic.go:236 (0x44e577)
	panicBounds64: panic(e)
/home/denis256/.local/share/mise/installs/go/1.26.0/src/runtime/asm_amd64.s:2129 (0x4909e8)
	panicBounds: CALL	runtime·panicBounds64<ABIInternal>(SB)
/home/denis256/.local/share/mise/installs/go/1.26.0/src/slices/slices.go:231 (0x21de38f)
	Delete[...]: clear(s[len(s):oldlen]) // zero/nil out the obsolete elements, for GC
/projects/gruntwork/terragrunt-3/pkg/config/config_helpers.go:364 (0x21dd48c)
	RunCommand: return runCommandImpl(ctx, pctx, l, args)
/projects/gruntwork/terragrunt-3/pkg/config/cty_helpers.go:41 (0x21dc278)
	createTerragruntEvalContext.wrapStringSliceToStringAsFuncImpl.func5.1: return toWrap(ctx, pctx, l, params)
/projects/gruntwork/terragrunt-3/pkg/config/cty_helpers.go:59 (0x22126bc)
	callWithPanicProtection[...]: return f()
/projects/gruntwork/terragrunt-3/pkg/config/cty_helpers.go:40 (0x21dc185)
	createTerragruntEvalContext.wrapStringSliceToStringAsFuncImpl.func5: out, err := callWithPanicProtection(func() (string, error) {
/home/denis256/go/pkg/mod/github.com/zclconf/go-cty@v1.18.1/cty/function/function.go:353 (0x8912ba)
	Function.Call: retVal, err = f.spec.Impl(args, expectedType)
/home/denis256/go/pkg/mod/github.com/hashicorp/hcl/v2@v2.24.0/hclsyntax/expression.go:528 (0x8f79ff)
	(*FunctionCallExpr).Value: resultVal, err := f.Call(argVals)
/projects/gruntwork/terragrunt-3/pkg/config/hclparse/attributes.go:77 (0x1e1e5c9)
	(*Attribute).Value: evaluatedVal, diags := attr.Expr.Value(evalCtx)
/projects/gruntwork/terragrunt-3/pkg/config/locals.go:140 (0x2202a68)
	attemptEvaluateLocals: evaluatedVal, err := attr.Value(evalCtx)
/projects/gruntwork/terragrunt-3/pkg/config/locals.go:64 (0x2202214)
	EvaluateLocalsBlock: attrs, evaluatedLocals, evaluated, err = attemptEvaluateLocals(
/projects/gruntwork/terragrunt-3/pkg/config/config_partial.go:173 (0x21e55c8)
	DecodeBaseBlocks: locals, err := EvaluateLocalsBlock(ctx, pctx.WithTrackInclude(trackInclude).WithFeatures(&flagsAsCtyVal), l, file)
/projects/gruntwork/terragrunt-3/pkg/config/config_partial.go:408 (0x21e6cf0)
	PartialParseConfig: baseBlocks, err := DecodeBaseBlocks(ctx, pctx, l, file, includeFromChild)
/projects/gruntwork/terragrunt-3/pkg/config/config_partial.go:340 (0x21e6949)
	TerragruntConfigFromPartialConfig: config, err := PartialParseConfig(ctx, pctx, l, file, includeFromChild)
/projects/gruntwork/terragrunt-3/pkg/config/config_partial.go:313 (0x21e64a5)
	PartialParseConfigFile.func1: config, parseErr = TerragruntConfigFromPartialConfig(ctx, pctx, l, file, include)
/projects/gruntwork/terragrunt-3/internal/telemetry/meter.go:78 (0xbced1c)
	(*Meter).Time: return fn(ctx)
/projects/gruntwork/terragrunt-3/internal/telemetry/telemeter.go:81 (0xbd04de)
	(*Telemeter).Collect.func1: return tlm.Time(ctx, name, attrs, fn)
/projects/gruntwork/terragrunt-3/internal/telemetry/tracer.go:201 (0xbd1bef)
	(*Tracer).Trace: return fn(ctx)
/projects/gruntwork/terragrunt-3/internal/telemetry/telemeter.go:80 (0xbd043d)
	(*Telemeter).Collect: return tlm.Trace(ctx, name, attrs, func(ctx context.Context) error {
/projects/gruntwork/terragrunt-3/pkg/config/telemetry.go:58 (0x220ceed)
	TraceParseConfigFile: return telemetry.TelemeterFromContext(ctx).Collect(ctx, TelemetryOpParseConfigFile, attrs, fn)
/projects/gruntwork/terragrunt-3/pkg/config/config_partial.go:287 (0x21e62d3)
	PartialParseConfigFile: err = TraceParseConfigFile(
/projects/gruntwork/terragrunt-3/internal/cli/commands/run/run.go:250 (0x237f053)
	getTerragruntConfig: return config.PartialParseConfigFile(
/projects/gruntwork/terragrunt-3/internal/cli/commands/run/run.go:191 (0x237eb67)
	checkVersionConstraints: partialTerragruntConfig, err := getTerragruntConfig(ctx, l, opts)
/projects/gruntwork/terragrunt-3/internal/cli/commands/run/run.go:91 (0x237daa5)
	Run: l, err := checkVersionConstraints(ctx, l, opts)
/projects/gruntwork/terragrunt-3/internal/cli/commands/run/cli.go:80 (0x2374789)
	NewSubcommands.func1: return Run(ctx, l, opts)
/projects/gruntwork/terragrunt-3/internal/cli/commands/run/cli.go:69 (0x237478a)
	NewSubcommands.func1: return Action(l, opts)(ctx, cliCtx)
/projects/gruntwork/terragrunt-3/internal/cli/commands/commands.go:310 (0x276942f)
	RunAction.func2: return action(actionCtx, cliCtx)
/home/denis256/go/pkg/mod/golang.org/x/sync@v0.20.0/errgroup/errgroup.go:93 (0xcebb90)
	(*Group).Go.func1: if err := f(); err != nil {
/home/denis256/.local/share/mise/installs/go/1.26.0/src/runtime/asm_amd64.s:1771 (0x490581)
	goexit: BYTE	$0x90	// NOP

*errors.errorString panic in function implementation: runtime error: slice bounds out of range [1:0]
/projects/gruntwork/terragrunt-3/pkg/config/cty_helpers.go:55 (0x221276b)
	callWithPanicProtection[...].func1: err = errors.New(fmt.Sprintf("panic in function implementation: %v", recovered))
/home/denis256/.local/share/mise/installs/go/1.26.0/src/runtime/panic.go:860 (0x4885ba)
	gopanic: fn()
/home/denis256/.local/share/mise/installs/go/1.26.0/src/runtime/panic.go:236 (0x44e577)
	panicBounds64: panic(e)
/home/denis256/.local/share/mise/installs/go/1.26.0/src/runtime/asm_amd64.s:2129 (0x4909e8)
	panicBounds: CALL	runtime·panicBounds64<ABIInternal>(SB)
/home/denis256/.local/share/mise/installs/go/1.26.0/src/slices/slices.go:231 (0x21de38f)
	Delete[...]: clear(s[len(s):oldlen]) // zero/nil out the obsolete elements, for GC
/projects/gruntwork/terragrunt-3/pkg/config/config_helpers.go:364 (0x21dd48c)
	RunCommand: return runCommandImpl(ctx, pctx, l, args)
/projects/gruntwork/terragrunt-3/pkg/config/cty_helpers.go:41 (0x21dc278)
	createTerragruntEvalContext.wrapStringSliceToStringAsFuncImpl.func5.1: return toWrap(ctx, pctx, l, params)
/projects/gruntwork/terragrunt-3/pkg/config/cty_helpers.go:59 (0x22126bc)
	callWithPanicProtection[...]: return f()
/projects/gruntwork/terragrunt-3/pkg/config/cty_helpers.go:40 (0x21dc185)
	createTerragruntEvalContext.wrapStringSliceToStringAsFuncImpl.func5: out, err := callWithPanicProtection(func() (string, error) {
/home/denis256/go/pkg/mod/github.com/zclconf/go-cty@v1.18.1/cty/function/function.go:353 (0x8912ba)
	Function.Call: retVal, err = f.spec.Impl(args, expectedType)
/home/denis256/go/pkg/mod/github.com/hashicorp/hcl/v2@v2.24.0/hclsyntax/expression.go:528 (0x8f79ff)
	(*FunctionCallExpr).Value: resultVal, err := f.Call(argVals)
/projects/gruntwork/terragrunt-3/pkg/config/hclparse/attributes.go:77 (0x1e1e5c9)
	(*Attribute).Value: evaluatedVal, diags := attr.Expr.Value(evalCtx)
/projects/gruntwork/terragrunt-3/pkg/config/locals.go:140 (0x2202a68)
	attemptEvaluateLocals: evaluatedVal, err := attr.Value(evalCtx)
/projects/gruntwork/terragrunt-3/pkg/config/locals.go:64 (0x2202214)
	EvaluateLocalsBlock: attrs, evaluatedLocals, evaluated, err = attemptEvaluateLocals(
/projects/gruntwork/terragrunt-3/pkg/config/config_partial.go:173 (0x21e55c8)
	DecodeBaseBlocks: locals, err := EvaluateLocalsBlock(ctx, pctx.WithTrackInclude(trackInclude).WithFeatures(&flagsAsCtyVal), l, file)
/projects/gruntwork/terragrunt-3/pkg/config/config_partial.go:408 (0x21e6cf0)
	PartialParseConfig: baseBlocks, err := DecodeBaseBlocks(ctx, pctx, l, file, includeFromChild)
/projects/gruntwork/terragrunt-3/pkg/config/config_partial.go:340 (0x21e6949)
	TerragruntConfigFromPartialConfig: config, err := PartialParseConfig(ctx, pctx, l, file, includeFromChild)
/projects/gruntwork/terragrunt-3/pkg/config/config_partial.go:313 (0x21e64a5)
	PartialParseConfigFile.func1: config, parseErr = TerragruntConfigFromPartialConfig(ctx, pctx, l, file, include)
/projects/gruntwork/terragrunt-3/internal/telemetry/meter.go:78 (0xbced1c)
	(*Meter).Time: return fn(ctx)
/projects/gruntwork/terragrunt-3/internal/telemetry/telemeter.go:81 (0xbd04de)
	(*Telemeter).Collect.func1: return tlm.Time(ctx, name, attrs, fn)
/projects/gruntwork/terragrunt-3/internal/telemetry/tracer.go:201 (0xbd1bef)
	(*Tracer).Trace: return fn(ctx)
/projects/gruntwork/terragrunt-3/internal/telemetry/telemeter.go:80 (0xbd043d)
	(*Telemeter).Collect: return tlm.Trace(ctx, name, attrs, func(ctx context.Context) error {
/projects/gruntwork/terragrunt-3/pkg/config/telemetry.go:58 (0x220ceed)
	TraceParseConfigFile: return telemetry.TelemeterFromContext(ctx).Collect(ctx, TelemetryOpParseConfigFile, attrs, fn)
/projects/gruntwork/terragrunt-3/pkg/config/config_partial.go:287 (0x21e62d3)
	PartialParseConfigFile: err = TraceParseConfigFile(
/projects/gruntwork/terragrunt-3/internal/cli/commands/run/run.go:250 (0x237f053)
	getTerragruntConfig: return config.PartialParseConfigFile(
/projects/gruntwork/terragrunt-3/internal/cli/commands/run/run.go:191 (0x237eb67)
	checkVersionConstraints: partialTerragruntConfig, err := getTerragruntConfig(ctx, l, opts)
/projects/gruntwork/terragrunt-3/internal/cli/commands/run/run.go:91 (0x237daa5)
	Run: l, err := checkVersionConstraints(ctx, l, opts)
/projects/gruntwork/terragrunt-3/internal/cli/commands/run/cli.go:80 (0x2374789)
	NewSubcommands.func1: return Run(ctx, l, opts)
/projects/gruntwork/terragrunt-3/internal/cli/commands/run/cli.go:69 (0x237478a)
	NewSubcommands.func1: return Action(l, opts)(ctx, cliCtx)
/projects/gruntwork/terragrunt-3/internal/cli/commands/commands.go:310 (0x276942f)
	RunAction.func2: return action(actionCtx, cliCtx)
/home/denis256/go/pkg/mod/golang.org/x/sync@v0.20.0/errgroup/errgroup.go:93 (0xcebb90)
	(*Group).Go.func1: if err := f(); err != nil {
/home/denis256/.local/share/mise/installs/go/1.26.0/src/runtime/asm_amd64.s:1771 (0x490581)
	goexit: BYTE	$0x90	// NOP

